  ===============================================
    Comienzo del Log ( 04-05-2016 a las 00:20 ) 
  ===============================================

  DEBUG: Cliente: Conección al servidor exitosa.

  ===============================================
    Comienzo del Log ( 04-05-2016 a las 00:28 ) 
  ===============================================

  DEBUG: Cliente: Conección al servidor exitosa.

  ===============================================
    Comienzo del Log ( 04-05-2016 a las 00:39 ) 
  ===============================================

  DEBUG: Cliente: Conección al servidor exitosa.

  ===============================================
    Comienzo del Log ( 04-05-2016 a las 00:56 ) 
  ===============================================

  ===============================================
    Comienzo del Log ( 04-05-2016 a las 00:57 ) 
  ===============================================

  WARNING: Cliente: El cliente no se pudo conectar satisfactoriamente
  ===============================================
    Comienzo del Log ( 04-05-2016 a las 00:57 ) 
  ===============================================

  DEBUG: Cliente: Conección al servidor exitosa.

  ===============================================
    Comienzo del Log ( 04-05-2016 a las 01:02 ) 
  ===============================================

  DEBUG: Cliente: Conección al servidor exitosa.

  ===============================================
    Comienzo del Log ( 04-05-2016 a las 01:10 ) 
  ===============================================

  DEBUG: Cliente: Conección al servidor exitosa.

  ===============================================
    Comienzo del Log ( 04-05-2016 a las 01:16 ) 
  ===============================================

  DEBUG: Cliente: Conección al servidor exitosa.

  ===============================================
    Comienzo del Log ( 04-05-2016 a las 01:16 ) 
  ===============================================

  WARNING: Cliente: El cliente no se pudo conectar satisfactoriamente
  ===============================================
    Comienzo del Log ( 04-05-2016 a las 01:17 ) 
  ===============================================

  WARNING: Cliente: El cliente no se pudo conectar satisfactoriamente
  ===============================================
    Comienzo del Log ( 04-05-2016 a las 01:17 ) 
  ===============================================

  DEBUG: Cliente: Conección al servidor exitosa.

  ===============================================
    Comienzo del Log ( 04-05-2016 a las 01:18 ) 
  ===============================================

  ===============================================
    Comienzo del Log ( 04-05-2016 a las 01:19 ) 
  ===============================================

  ===============================================
    Comienzo del Log ( 04-05-2016 a las 01:19 ) 
  ===============================================

  DEBUG: Cliente: El cliente se ha desconectado satisfactoriamente
  ===============================================
    Comienzo del Log ( 04-05-2016 a las 01:20 ) 
  ===============================================

  DEBUG: Cliente: Conección al servidor exitosa.

  ===============================================
    Comienzo del Log ( 04-05-2016 a las 01:21 ) 
  ===============================================

  DEBUG: Cliente: El cliente se ha desconectado satisfactoriamente
  ===============================================
    Comienzo del Log ( 04-05-2016 a las 01:21 ) 
  ===============================================

  WARNING: Cliente: El cliente no se pudo conectar satisfactoriamente
  ===============================================
    Comienzo del Log ( 04-05-2016 a las 01:22 ) 
  ===============================================

  DEBUG: Cliente: Conección al servidor exitosa.

  ===============================================
    Comienzo del Log ( 04-05-2016 a las 01:31 ) 
  ===============================================

  DEBUG: Cliente: Conección al servidor exitosa.

  ===============================================
    Comienzo del Log ( 04-05-2016 a las 01:34 ) 
  ===============================================

  ===============================================
    Comienzo del Log ( 04-05-2016 a las 01:35 ) 
  ===============================================

  DEBUG: Cliente: El cliente se ha desconectado satisfactoriamente
  ===============================================
    Comienzo del Log ( 04-05-2016 a las 01:35 ) 
  ===============================================

  DEBUG: Cliente: Conección al servidor exitosa.

  ===============================================
    Comienzo del Log ( 04-05-2016 a las 01:38 ) 
  ===============================================

  DEBUG: Cliente: Conección al servidor exitosa.

  ===============================================
    Comienzo del Log ( 04-05-2016 a las 01:41 ) 
  ===============================================

  DEBUG: Cliente: Conección al servidor exitosa.

  ===============================================
    Comienzo del Log ( 04-05-2016 a las 01:41 ) 
  ===============================================

  DEBUG: Cliente: Conección al servidor exitosa.

  ===============================================
    Comienzo del Log ( 04-05-2016 a las 01:42 ) 
  ===============================================

  DEBUG: Cliente: Conección al servidor exitosa.

  ===============================================
    Comienzo del Log ( 04-05-2016 a las 01:42 ) 
  ===============================================

  DEBUG: Cliente: Conección al servidor exitosa.

  ===============================================
    Comienzo del Log ( 04-05-2016 a las 01:43 ) 
  ===============================================

  DEBUG: Cliente: Conección al servidor exitosa.

  ===============================================
    Comienzo del Log ( 04-05-2016 a las 01:44 ) 
  ===============================================

  DEBUG: Cliente: Conección al servidor exitosa.

  ===============================================
    Comienzo del Log ( 04-05-2016 a las 01:47 ) 
  ===============================================

  DEBUG: Cliente: Conección al servidor exitosa.

  ===============================================
    Comienzo del Log ( 04-05-2016 a las 01:48 ) 
  ===============================================

  DEBUG: Cliente: Conección al servidor exitosa.

  ===============================================
    Comienzo del Log ( 04-05-2016 a las 01:53 ) 
  ===============================================

  WARNING: Cliente: El cliente no se pudo conectar satisfactoriamente
  ===============================================
    Comienzo del Log ( 04-05-2016 a las 01:53 ) 
  ===============================================

  DEBUG: Cliente: Conección al servidor exitosa.

  ===============================================
    Comienzo del Log ( 04-05-2016 a las 01:55 ) 
  ===============================================

  DEBUG: Cliente: Conección al servidor exitosa.

  ===============================================
    Comienzo del Log ( 04-05-2016 a las 01:56 ) 
  ===============================================

  DEBUG: Cliente: Conección al servidor exitosa.

