  ===============================================
    Comienzo del Log ( 08-05-2016 a las 00:00 ) 
  ===============================================

  DEBUG: Cliente: Conección al servidor exitosa.

  DEBUG: Cliente: El jguador SDFSFD se ha desconectado.
  ===============================================
    Comienzo del Log ( 08-05-2016 a las 00:01 ) 
  ===============================================

  DEBUG: Cliente: Conección al servidor exitosa.

  ===============================================
    Comienzo del Log ( 08-05-2016 a las 03:54 ) 
  ===============================================

  DEBUG: Cliente: Conección al servidor exitosa.

  ===============================================
    Comienzo del Log ( 08-05-2016 a las 03:54 ) 
  ===============================================

  DEBUG: Cliente: Conección al servidor exitosa.

  DEBUG: Cliente: El jguador Carlos se ha desconectado.
  ===============================================
    Comienzo del Log ( 08-05-2016 a las 03:58 ) 
  ===============================================

  DEBUG: Cliente: Conección al servidor exitosa.

  ===============================================
    Comienzo del Log ( 08-05-2016 a las 03:58 ) 
  ===============================================

  DEBUG: Cliente: Conección al servidor exitosa.

  ===============================================
    Comienzo del Log ( 08-05-2016 a las 04:03 ) 
  ===============================================

  DEBUG: Cliente: Conección al servidor exitosa.

  ===============================================
    Comienzo del Log ( 08-05-2016 a las 04:04 ) 
  ===============================================

  DEBUG: Cliente: Conección al servidor exitosa.

  ===============================================
    Comienzo del Log ( 08-05-2016 a las 04:04 ) 
  ===============================================

  DEBUG: Cliente: Conección al servidor exitosa.

  ===============================================
    Comienzo del Log ( 08-05-2016 a las 04:05 ) 
  ===============================================

  DEBUG: Cliente: Conección al servidor exitosa.

  ===============================================
    Comienzo del Log ( 08-05-2016 a las 04:05 ) 
  ===============================================

  DEBUG: Cliente: Conección al servidor exitosa.

  DEBUG: Cliente: El jguador ddsd se ha desconectado.
  ===============================================
    Comienzo del Log ( 08-05-2016 a las 04:07 ) 
  ===============================================

  DEBUG: Cliente: Conección al servidor exitosa.

  ===============================================
    Comienzo del Log ( 08-05-2016 a las 04:16 ) 
  ===============================================

  DEBUG: Cliente: Conección al servidor exitosa.

  ===============================================
    Comienzo del Log ( 08-05-2016 a las 04:18 ) 
  ===============================================

  DEBUG: Cliente: Conección al servidor exitosa.

  ===============================================
    Comienzo del Log ( 08-05-2016 a las 04:18 ) 
  ===============================================

  DEBUG: Cliente: Conección al servidor exitosa.

  ===============================================
    Comienzo del Log ( 08-05-2016 a las 04:21 ) 
  ===============================================

  DEBUG: Cliente: Conección al servidor exitosa.

  ===============================================
    Comienzo del Log ( 08-05-2016 a las 04:23 ) 
  ===============================================

  DEBUG: Cliente: Conección al servidor exitosa.

  ===============================================
    Comienzo del Log ( 08-05-2016 a las 04:24 ) 
  ===============================================

  DEBUG: Cliente: Conección al servidor exitosa.

  ===============================================
    Comienzo del Log ( 08-05-2016 a las 04:28 ) 
  ===============================================

  DEBUG: Cliente: Conección al servidor exitosa.

  ===============================================
    Comienzo del Log ( 08-05-2016 a las 04:29 ) 
  ===============================================

  DEBUG: Cliente: Conección al servidor exitosa.

  ===============================================
    Comienzo del Log ( 08-05-2016 a las 04:31 ) 
  ===============================================

  DEBUG: Cliente: Conección al servidor exitosa.

  ===============================================
    Comienzo del Log ( 08-05-2016 a las 04:32 ) 
  ===============================================

  DEBUG: Cliente: Conección al servidor exitosa.

  ===============================================
    Comienzo del Log ( 08-05-2016 a las 04:36 ) 
  ===============================================

  DEBUG: Cliente: Conección al servidor exitosa.

  ===============================================
    Comienzo del Log ( 08-05-2016 a las 04:38 ) 
  ===============================================

  DEBUG: Cliente: Conección al servidor exitosa.

  ===============================================
    Comienzo del Log ( 08-05-2016 a las 04:43 ) 
  ===============================================

  DEBUG: Cliente: Conección al servidor exitosa.

  ===============================================
    Comienzo del Log ( 08-05-2016 a las 04:44 ) 
  ===============================================

  DEBUG: Cliente: Conección al servidor exitosa.

  ===============================================
    Comienzo del Log ( 08-05-2016 a las 04:45 ) 
  ===============================================

  DEBUG: Cliente: Conección al servidor exitosa.

  ===============================================
    Comienzo del Log ( 08-05-2016 a las 04:47 ) 
  ===============================================

  DEBUG: Cliente: Conección al servidor exitosa.

  ===============================================
    Comienzo del Log ( 08-05-2016 a las 04:49 ) 
  ===============================================

  DEBUG: Cliente: Conección al servidor exitosa.

  ===============================================
    Comienzo del Log ( 08-05-2016 a las 04:51 ) 
  ===============================================

  DEBUG: Cliente: Conección al servidor exitosa.

  DEBUG: Cliente: El cliente se ha desconectado satisfactoriamente
  ===============================================
    Comienzo del Log ( 08-05-2016 a las 04:52 ) 
  ===============================================

  DEBUG: Cliente: Conección al servidor exitosa.

  ===============================================
    Comienzo del Log ( 08-05-2016 a las 04:54 ) 
  ===============================================

  DEBUG: Cliente: Conección al servidor exitosa.

  ===============================================
    Comienzo del Log ( 08-05-2016 a las 04:57 ) 
  ===============================================

  DEBUG: Cliente: Conección al servidor exitosa.

  ===============================================
    Comienzo del Log ( 08-05-2016 a las 04:57 ) 
  ===============================================

  DEBUG: Cliente: El cliente se ha desconectado satisfactoriamente
  ===============================================
    Comienzo del Log ( 08-05-2016 a las 04:57 ) 
  ===============================================

  DEBUG: Cliente: Conección al servidor exitosa.

  DEBUG: Cliente: El jguador asd se ha desconectado.
  ===============================================
    Comienzo del Log ( 08-05-2016 a las 04:58 ) 
  ===============================================

  DEBUG: Cliente: Conección al servidor exitosa.

  ===============================================
    Comienzo del Log ( 08-05-2016 a las 04:58 ) 
  ===============================================

  DEBUG: Cliente: El cliente se ha desconectado satisfactoriamente
  ===============================================
    Comienzo del Log ( 08-05-2016 a las 04:59 ) 
  ===============================================

  DEBUG: Cliente: Conección al servidor exitosa.

  DEBUG: Cliente: El jguador d se ha desconectado.
  ===============================================
    Comienzo del Log ( 08-05-2016 a las 05:01 ) 
  ===============================================

  DEBUG: Cliente: Conección al servidor exitosa.

  ===============================================
    Comienzo del Log ( 08-05-2016 a las 05:01 ) 
  ===============================================

  DEBUG: Cliente: Conección al servidor exitosa.

  DEBUG: Cliente: El jguador d se ha desconectado.
  ===============================================
    Comienzo del Log ( 08-05-2016 a las 13:50 ) 
  ===============================================

  DEBUG: Cliente: Conección al servidor exitosa.

  ===============================================
    Comienzo del Log ( 08-05-2016 a las 13:50 ) 
  ===============================================

  DEBUG: Cliente: Conección al servidor exitosa.

  DEBUG: Cliente: El jguador aa se ha desconectado.
  ===============================================
    Comienzo del Log ( 08-05-2016 a las 13:52 ) 
  ===============================================

  DEBUG: Cliente: Conección al servidor exitosa.

  ===============================================
    Comienzo del Log ( 08-05-2016 a las 13:53 ) 
  ===============================================

  DEBUG: Cliente: Conección al servidor exitosa.

  DEBUG: Cliente: El jguador add se ha desconectado.
  ===============================================
    Comienzo del Log ( 08-05-2016 a las 13:54 ) 
  ===============================================

  DEBUG: Cliente: Conección al servidor exitosa.

  ===============================================
    Comienzo del Log ( 08-05-2016 a las 13:54 ) 
  ===============================================

  DEBUG: Cliente: Conección al servidor exitosa.

  DEBUG: Cliente: El jguador d se ha desconectado.
  DEBUG: Cliente: El cliente se ha desconectado satisfactoriamente
  ===============================================
    Comienzo del Log ( 08-05-2016 a las 13:55 ) 
  ===============================================

  DEBUG: Cliente: Conección al servidor exitosa.

  ===============================================
    Comienzo del Log ( 08-05-2016 a las 13:55 ) 
  ===============================================

  DEBUG: Cliente: Conección al servidor exitosa.

  DEBUG: Cliente: El cliente se ha desconectado satisfactoriamente
  DEBUG: Cliente: El cliente se ha desconectado satisfactoriamente
  ===============================================
    Comienzo del Log ( 08-05-2016 a las 13:56 ) 
  ===============================================

  DEBUG: Cliente: Conección al servidor exitosa.

  ===============================================
    Comienzo del Log ( 08-05-2016 a las 13:56 ) 
  ===============================================

  DEBUG: Cliente: Conección al servidor exitosa.

  DEBUG: Cliente: El cliente se ha desconectado satisfactoriamente
  DEBUG: Cliente: El cliente se ha desconectado satisfactoriamente
  ===============================================
    Comienzo del Log ( 08-05-2016 a las 13:56 ) 
  ===============================================

  DEBUG: Cliente: Conección al servidor exitosa.

  ===============================================
    Comienzo del Log ( 08-05-2016 a las 13:56 ) 
  ===============================================

  DEBUG: Cliente: Conección al servidor exitosa.

  DEBUG: Cliente: El jguador d se ha desconectado.
  ===============================================
    Comienzo del Log ( 08-05-2016 a las 13:57 ) 
  ===============================================

  DEBUG: Cliente: Conección al servidor exitosa.

  ===============================================
    Comienzo del Log ( 08-05-2016 a las 13:57 ) 
  ===============================================

  DEBUG: Cliente: Conección al servidor exitosa.

  DEBUG: Cliente: El cliente se ha desconectado satisfactoriamente
  DEBUG: Cliente: El cliente se ha desconectado satisfactoriamente
  ===============================================
    Comienzo del Log ( 08-05-2016 a las 13:58 ) 
  ===============================================

  DEBUG: Cliente: Conección al servidor exitosa.

  ===============================================
    Comienzo del Log ( 08-05-2016 a las 13:58 ) 
  ===============================================

  DEBUG: Cliente: Conección al servidor exitosa.

  DEBUG: Cliente: El jguador d se ha desconectado.
  ===============================================
    Comienzo del Log ( 08-05-2016 a las 14:00 ) 
  ===============================================

  DEBUG: Cliente: Conección al servidor exitosa.

  ===============================================
    Comienzo del Log ( 08-05-2016 a las 14:02 ) 
  ===============================================

  DEBUG: Cliente: Conección al servidor exitosa.

  ===============================================
    Comienzo del Log ( 08-05-2016 a las 14:03 ) 
  ===============================================

  DEBUG: Cliente: Conección al servidor exitosa.

  DEBUG: Cliente: El cliente se ha desconectado satisfactoriamente
  ===============================================
    Comienzo del Log ( 08-05-2016 a las 14:04 ) 
  ===============================================

  DEBUG: Cliente: Conección al servidor exitosa.

  DEBUG: Cliente: El cliente se ha desconectado satisfactoriamente
  ===============================================
    Comienzo del Log ( 08-05-2016 a las 14:05 ) 
  ===============================================

  DEBUG: Cliente: Conección al servidor exitosa.

  DEBUG: Cliente: El cliente se ha desconectado satisfactoriamente
  ===============================================
    Comienzo del Log ( 08-05-2016 a las 14:05 ) 
  ===============================================

  DEBUG: Cliente: Conección al servidor exitosa.

  ===============================================
    Comienzo del Log ( 08-05-2016 a las 14:09 ) 
  ===============================================

  DEBUG: Cliente: Conección al servidor exitosa.

  ===============================================
    Comienzo del Log ( 08-05-2016 a las 20:36 ) 
  ===============================================

  DEBUG: Cliente: Conección al servidor exitosa.

  ===============================================
    Comienzo del Log ( 08-05-2016 a las 20:37 ) 
  ===============================================

  DEBUG: Cliente: Conección al servidor exitosa.

  DEBUG: Cliente: El jguador asdd se ha desconectado.
  ===============================================
    Comienzo del Log ( 08-05-2016 a las 20:40 ) 
  ===============================================

  DEBUG: Cliente: Conección al servidor exitosa.

  DEBUG: Cliente: El cliente se ha desconectado satisfactoriamente
  ===============================================
    Comienzo del Log ( 08-05-2016 a las 20:41 ) 
  ===============================================

  DEBUG: Cliente: Conección al servidor exitosa.

  DEBUG: Cliente: El cliente se ha desconectado satisfactoriamente
  ===============================================
    Comienzo del Log ( 08-05-2016 a las 20:51 ) 
  ===============================================

  DEBUG: Cliente: Conección al servidor exitosa.

  ===============================================
    Comienzo del Log ( 08-05-2016 a las 20:52 ) 
  ===============================================

  DEBUG: Cliente: Conección al servidor exitosa.

  ===============================================
    Comienzo del Log ( 08-05-2016 a las 20:53 ) 
  ===============================================

  DEBUG: Cliente: Conección al servidor exitosa.

  ===============================================
    Comienzo del Log ( 08-05-2016 a las 20:57 ) 
  ===============================================

  DEBUG: Cliente: Conección al servidor exitosa.

  ===============================================
    Comienzo del Log ( 08-05-2016 a las 20:58 ) 
  ===============================================

  DEBUG: Cliente: Conección al servidor exitosa.

  ===============================================
    Comienzo del Log ( 08-05-2016 a las 21:01 ) 
  ===============================================

  DEBUG: Cliente: Conección al servidor exitosa.

  DEBUG: Cliente: El cliente se ha desconectado satisfactoriamente
  ===============================================
    Comienzo del Log ( 08-05-2016 a las 21:07 ) 
  ===============================================

  DEBUG: Cliente: Conección al servidor exitosa.

  ===============================================
    Comienzo del Log ( 08-05-2016 a las 22:09 ) 
  ===============================================

  DEBUG: Cliente: Conección al servidor exitosa.

  ===============================================
    Comienzo del Log ( 08-05-2016 a las 22:11 ) 
  ===============================================

  DEBUG: Cliente: Conección al servidor exitosa.

  DEBUG: Cliente: El jguador adasd se ha desconectado.
  ===============================================
    Comienzo del Log ( 08-05-2016 a las 22:12 ) 
  ===============================================

  DEBUG: Cliente: Conección al servidor exitosa.

  DEBUG: Cliente: El cliente se ha desconectado satisfactoriamente
  ===============================================
    Comienzo del Log ( 08-05-2016 a las 22:15 ) 
  ===============================================

  DEBUG: Cliente: Conección al servidor exitosa.

  DEBUG: Cliente: El cliente se ha desconectado satisfactoriamente
  ===============================================
    Comienzo del Log ( 08-05-2016 a las 22:16 ) 
  ===============================================

  DEBUG: Cliente: Conección al servidor exitosa.

  DEBUG: Cliente: El cliente se ha desconectado satisfactoriamente
  ===============================================
    Comienzo del Log ( 08-05-2016 a las 22:21 ) 
  ===============================================

  DEBUG: Cliente: Conección al servidor exitosa.

  DEBUG: Cliente: El cliente se ha desconectado satisfactoriamente
  ===============================================
    Comienzo del Log ( 08-05-2016 a las 22:27 ) 
  ===============================================

  DEBUG: Cliente: Conección al servidor exitosa.

  DEBUG: Cliente: El cliente se ha desconectado satisfactoriamente
  ===============================================
    Comienzo del Log ( 08-05-2016 a las 22:29 ) 
  ===============================================

  DEBUG: Cliente: Conección al servidor exitosa.

  ===============================================
    Comienzo del Log ( 08-05-2016 a las 22:31 ) 
  ===============================================

  DEBUG: Cliente: Conección al servidor exitosa.

  DEBUG: Cliente: El cliente se ha desconectado satisfactoriamente
  ===============================================
    Comienzo del Log ( 08-05-2016 a las 22:39 ) 
  ===============================================

  DEBUG: Cliente: Conección al servidor exitosa.

  ===============================================
    Comienzo del Log ( 08-05-2016 a las 22:40 ) 
  ===============================================

  DEBUG: Cliente: Conección al servidor exitosa.

  DEBUG: Cliente: El cliente se ha desconectado satisfactoriamente
  ===============================================
    Comienzo del Log ( 08-05-2016 a las 22:42 ) 
  ===============================================

  DEBUG: Cliente: Conección al servidor exitosa.

  DEBUG: Cliente: El cliente se ha desconectado satisfactoriamente
  ===============================================
    Comienzo del Log ( 08-05-2016 a las 22:47 ) 
  ===============================================

  DEBUG: Cliente: Conección al servidor exitosa.

  DEBUG: Cliente: El cliente se ha desconectado satisfactoriamente
  ===============================================
    Comienzo del Log ( 08-05-2016 a las 22:51 ) 
  ===============================================

  DEBUG: Cliente: Conección al servidor exitosa.

  DEBUG: Cliente: El cliente se ha desconectado satisfactoriamente
  ===============================================
    Comienzo del Log ( 08-05-2016 a las 22:52 ) 
  ===============================================

  DEBUG: Cliente: Conección al servidor exitosa.

  ===============================================
    Comienzo del Log ( 08-05-2016 a las 23:06 ) 
  ===============================================

  DEBUG: Cliente: Conección al servidor exitosa.

  DEBUG: Cliente: El cliente se ha desconectado satisfactoriamente
  ===============================================
    Comienzo del Log ( 08-05-2016 a las 23:09 ) 
  ===============================================

  DEBUG: Cliente: Conección al servidor exitosa.

  DEBUG: Cliente: El cliente se ha desconectado satisfactoriamente
  ===============================================
    Comienzo del Log ( 08-05-2016 a las 23:11 ) 
  ===============================================

  DEBUG: Cliente: Conección al servidor exitosa.

  ===============================================
    Comienzo del Log ( 08-05-2016 a las 23:14 ) 
  ===============================================

  DEBUG: Cliente: Conección al servidor exitosa.

  ===============================================
    Comienzo del Log ( 08-05-2016 a las 23:19 ) 
  ===============================================

  DEBUG: Cliente: Conección al servidor exitosa.

  ===============================================
    Comienzo del Log ( 08-05-2016 a las 23:24 ) 
  ===============================================

  DEBUG: Cliente: Conección al servidor exitosa.

  DEBUG: Cliente: El cliente se ha desconectado satisfactoriamente
  ===============================================
    Comienzo del Log ( 08-05-2016 a las 23:25 ) 
  ===============================================

  DEBUG: Cliente: Conección al servidor exitosa.

  DEBUG: Cliente: El cliente se ha desconectado satisfactoriamente
  ===============================================
    Comienzo del Log ( 08-05-2016 a las 23:25 ) 
  ===============================================

  DEBUG: Cliente: Conección al servidor exitosa.

  DEBUG: Cliente: El cliente se ha desconectado satisfactoriamente
  ===============================================
    Comienzo del Log ( 08-05-2016 a las 23:27 ) 
  ===============================================

  DEBUG: Cliente: Conección al servidor exitosa.

  DEBUG: Cliente: El jguador balas se ha desconectado.
  ===============================================
    Comienzo del Log ( 08-05-2016 a las 23:34 ) 
  ===============================================

  DEBUG: Cliente: Conección al servidor exitosa.

  DEBUG: Cliente: El cliente se ha desconectado satisfactoriamente
  ===============================================
    Comienzo del Log ( 08-05-2016 a las 23:36 ) 
  ===============================================

  DEBUG: Cliente: Conección al servidor exitosa.

  DEBUG: Cliente: El cliente se ha desconectado satisfactoriamente
  ===============================================
    Comienzo del Log ( 08-05-2016 a las 23:43 ) 
  ===============================================

  DEBUG: Cliente: Conección al servidor exitosa.

  ===============================================
    Comienzo del Log ( 08-05-2016 a las 23:43 ) 
  ===============================================

  DEBUG: Cliente: Conección al servidor exitosa.

  DEBUG: Cliente: El cliente se ha desconectado satisfactoriamente
  ===============================================
    Comienzo del Log ( 08-05-2016 a las 23:45 ) 
  ===============================================

  DEBUG: Cliente: Conección al servidor exitosa.

  DEBUG: Cliente: El jguador hola se ha desconectado.
  DEBUG: Cliente: El cliente se ha desconectado satisfactoriamente
  ===============================================
    Comienzo del Log ( 08-05-2016 a las 23:51 ) 
  ===============================================

  DEBUG: Cliente: Conección al servidor exitosa.

  ===============================================
    Comienzo del Log ( 08-05-2016 a las 23:59 ) 
  ===============================================

  DEBUG: Cliente: Conección al servidor exitosa.

